[www.ubisoft.com/en-gb/game/watch-dogs/legion.html]
[backblue.gif]
[fade.gif]
[index.html]
[www.ubisoft.com/en-gb/game/watch-dogs/legion/buy.html]
[www.ubisoft.com/en-gb/game/watch-dogs/legion/year-one.html]
[www.ubisoft.com/en-gb/game/watch-dogs/legion/game-info.html]
[www.ubisoft.com/en-gb/game/watch-dogs/legion/game-info/play-as-anyone.html]
[www.ubisoft.com/en-gb/game/watch-dogs/legion/news-updates.html]
[www.ubisoft.com/en-gb/game/watch-dogs/watch-dogs-2.html]
[www.ubisoft.com/en-gb/game/watch-dogs/watch-dogs.html]
[www.ubisoft.com/en-gb/game/watch-dogs/legion/content/8D5CnqDkvHOUwUkwnqtB7.html]
[www.ubisoft.com/en-gb/game/watch-dogs/legion/content/tRKak4DKRNAmAwifgVzY9.html]
[www.ubisoft.com/en-gb/game/watch-dogs/legion/news-updates/2cnkvF9dbSI2kTitXb9SgX/up-to-35-off-wd-credits-join-us-for-our-virtual-currency-sale.html]
[www.ubisoft.com/en-gb/game/watch-dogs/legion/news-updates/2ilc5NtwVTZdIUqekyyVd6/an-update-from-the-development-team.html]
[www.ubisoft.com/en-gb/game/watch-dogs/legion/news-updates/6Te3qL2Q87R2TOy6Ejto0N/tea-time-with-bagley-introducing-resistance-mode.html]
[www.ubisoft.com/en-gb/game/watch-dogs/legion/news-updates/4d6gwadSjKJJp4vI9H1nT4/watch-dogs-legion-bloodline-wallpapers.html]
[www.ubisoft.com/en-gb/game/watch-dogs/legion/news-updates/01Pfwy3TJEdensh8Zgboa3/tea-time-with-bagley-the-art-of-watch-dogs-legion-bloodline.html]
[www.ubisoft.com/en-gb/game/watch-dogs/legion/news-updates/1QqTKWLGXWcjCOLYaRMmns/tea-time-with-bagley-3.html]
[www.ubisoft.com/en-gb/game/watch-dogs/legion.html]
[www.ubisoft.com/en-gb/game/watch-dogs/legion/index.html]
[www.ubisoft.com/en-gb/game/watch-dogs/legion/buy.html]
[www.ubisoft.com/en-gb/game/watch-dogs/legion/year-one.html]
[www.ubisoft.com/en-gb/game/watch-dogs/legion/news-updates/1qx850NfoOK1YqoSxztnDF/msi-partners-with-ubisoft-to-launch-watch-dogs-legion-with-ambient-link-features.html]
[www.ubisoft.com/en-gb/game/watch-dogs/legion/game-info.html]
[www.ubisoft.com/en-gb/game/watch-dogs/legion/404]
[www.ubisoft.com/en-gb/game/watch-dogs/legion/game-info/play-as-anyone.html]
[www.ubisoft.com/en-gb/game/watch-dogs/legion/news-updates.html]
[www.ubisoft.com/en-gb/game/watch-dogs/legion/news-updates/6Sguz4drCK8aMCaeHFtA8s/watch-dogs-legion-bloodline-trailer-reveals-aiden-and-wrenchs-dlc-story.html]
[www.ubisoft.com/en-gb/game/watch-dogs/watch-dogs-2.html]
[www.ubisoft.com/en-gb/game/watch-dogs/watch-dogs.html]
[www.ubisoft.com/en-gb/game/watch-dogs/legion/content/8D5CnqDkvHOUwUkwnqtB7.html]
[www.ubisoft.com/en-gb/game/watch-dogs/legion/content/tRKak4DKRNAmAwifgVzY9.html]
[www.ubisoft.com/en-gb/game/watch-dogs/legion/news-updates/2cnkvF9dbSI2kTitXb9SgX/up-to-35-off-wd-credits-join-us-for-our-virtual-currency-sale.html]
[www.ubisoft.com/en-gb/game/watch-dogs/legion/news-updates/4D1M9LzZzsy7pINxWgiTNe/watch-dogs-legion-e3-fan-kit.html]
[www.ubisoft.com/en-gb/game/watch-dogs/legion/news-updates/2ilc5NtwVTZdIUqekyyVd6/an-update-from-the-development-team.html]
[www.ubisoft.com/en-gb/game/watch-dogs/legion/news-updates/kamGSuRaUjY/watch-dogs-legion-la-casa-de-papel-launch-trailer.html]
[www.ubisoft.com/en-gb/game/watch-dogs/legion/news-updates/6Te3qL2Q87R2TOy6Ejto0N/tea-time-with-bagley-introducing-resistance-mode.html]
[www.ubisoft.com/en-gb/game/watch-dogs/legion/news-updates/4d6gwadSjKJJp4vI9H1nT4/watch-dogs-legion-bloodline-wallpapers.html]
[www.ubisoft.com/en-gb/game/watch-dogs/legion/news-updates/v-J1bIHleWs/watch-dogs-legion-assassins-creed-crossover-trailer.html]
[www.ubisoft.com/en-gb/game/watch-dogs/legion/news-updates/01Pfwy3TJEdensh8Zgboa3/tea-time-with-bagley-the-art-of-watch-dogs-legion-bloodline.html]
[www.ubisoft.com/en-gb/game/watch-dogs/legion/news-updates/LjF3UBWQvsA/watch-dogs-legion-title-update-5-overview.html]
[www.ubisoft.com/en-gb/game/watch-dogs/legion/news-updates/o22bcseh_6Q/watch-dogs-legion-bloodline-behind-the-scenes.html]
[www.ubisoft.com/en-gb/game/watch-dogs/legion/news-updates/1QqTKWLGXWcjCOLYaRMmns/tea-time-with-bagley-3.html]
[www.ubisoft.com/en-gb/game/watch-dogs/legion/news-updates/qb42MAiIRyc/watch-dogs-legion-bloodline-announce-trailer.html]
[www.ubisoft.com/en-gb/game/watch-dogs/legion/news-updates/6fRkYSyJAMddc1rXGlOHN6/state-of-the-game.html]
[www.ubisoft.com/en-gb/game/watch-dogs/legion/news-updates/1qx850NfoOK1YqoSxztnDF/msi-partners-with-ubisoft-to-launch-watch-dogs-legion-with-ambient-link-features.html]
[www.ubisoft.com/en-gb/game/watch-dogs/legion/404.html]
[www.ubisoft.com/en-gb/game/watch-dogs/legion/news-updates/C0u--p2qQdc/watch-dogs-legion-things-you-didnt-know-you-could-do.html]
[www.ubisoft.com/en-gb/game/watch-dogs/legion/news-updates/6Sguz4drCK8aMCaeHFtA8s/watch-dogs-legion-bloodline-trailer-reveals-aiden-and-wrenchs-dlc-story.html]
[www.ubisoft.com/en-gb/game/watch-dogs/legion/news-updates/3cWsGL1hDMhhtylpKzRb8d/tea-time-with-bagley-2.html]
[www.ubisoft.com/en-gb/game/watch-dogs/legion/news-updates/4D1M9LzZzsy7pINxWgiTNe/watch-dogs-legion-e3-fan-kit.html]
[www.ubisoft.com/en-gb/game/watch-dogs/legion/news-updates/31i6W3gfiPTKCHclM9x62f/resistant-of-london-check-out-the-new-ubicollectibles-figurine.html]
[www.ubisoft.com/en-gb/game/watch-dogs/legion/news-updates/kamGSuRaUjY/watch-dogs-legion-la-casa-de-papel-launch-trailer.html]
[www.ubisoft.com/en-gb/game/watch-dogs/legion/news-updates/GNmoVwOks7A/watch-dogs-legion-legion-of-the-dead-trailer.html]
[www.ubisoft.com/en-gb/game/watch-dogs/legion/news-updates/v-J1bIHleWs/watch-dogs-legion-assassins-creed-crossover-trailer.html]
[www.ubisoft.com/en-gb/game/watch-dogs/legion/news-updates/LjF3UBWQvsA/watch-dogs-legion-title-update-5-overview.html]
[www.ubisoft.com/en-gb/game/watch-dogs/legion/news-updates/o22bcseh_6Q/watch-dogs-legion-bloodline-behind-the-scenes.html]
[www.ubisoft.com/en-gb/game/watch-dogs/legion/news-updates/qb42MAiIRyc/watch-dogs-legion-bloodline-announce-trailer.html]
[www.ubisoft.com/en-gb/game/watch-dogs/legion/news-updates/ebDwxWyV0TQ/watch-dogs-legion-title-update-55-overview.html]
[www.ubisoft.com/en-gb/game/watch-dogs/legion/news-updates/6fRkYSyJAMddc1rXGlOHN6/state-of-the-game.html]
[www.ubisoft.com/en-gb/game/watch-dogs/legion/news-updates/6oYlDnkWh5tjSUw9kX8Ogl/patch-update-regarding-watch-dogs-legion-and-announcement-for-the-online-mode.html]
[www.ubisoft.com/en-gb/game/watch-dogs/legion/news-updates/C0u--p2qQdc/watch-dogs-legion-things-you-didnt-know-you-could-do.html]
[www.ubisoft.com/en-gb/game/watch-dogs/legion/news-updates/8SioamAtd-s/watch-dogs-legion-how-to-get-rich.html]
[www.ubisoft.com/en-gb/game/watch-dogs/legion/news-updates/3cWsGL1hDMhhtylpKzRb8d/tea-time-with-bagley-2.html]
[www.ubisoft.com/en-gb/game/watch-dogs/legion/news-updates/71UsNL8BVflQJ9BiML0JX1/welcome-to-watch-dogs-legion-of-the-dead.html]
[www.ubisoft.com/en-gb/game/watch-dogs/legion/news-updates/31i6W3gfiPTKCHclM9x62f/resistant-of-london-check-out-the-new-ubicollectibles-figurine.html]
[www.ubisoft.com/en-gb/game/watch-dogs/legion/news-updates/GNmoVwOks7A/watch-dogs-legion-legion-of-the-dead-trailer.html]
[www.ubisoft.com/en-gb/game/watch-dogs/legion/news-updates/ebDwxWyV0TQ/watch-dogs-legion-title-update-55-overview.html]
[www.ubisoft.com/en-gb/game/watch-dogs/legion/news-updates/6BQEZNt10v1wMa1vmtf0H9/liberate-london-as-anyone-this-march-e3-2019.html]
[www.ubisoft.com/en-gb/game/watch-dogs/legion/news-updates/6oYlDnkWh5tjSUw9kX8Ogl/patch-update-regarding-watch-dogs-legion-and-announcement-for-the-online-mode.html]
[www.ubisoft.com/en-gb/game/watch-dogs/legion/news-updates/6pcnQY4B7IcymUHHXS7q1N/new-watch-dogs-legion-books-available-now.html]
[www.ubisoft.com/en-gb/game/watch-dogs/legion/news-updates/8SioamAtd-s/watch-dogs-legion-how-to-get-rich.html]
[www.ubisoft.com/en-gb/game/watch-dogs/legion/news-updates/5QrmouwUCErY7o8hmZxySn/creating-masks-for-watch-dogs-legion.html]
[www.ubisoft.com/en-gb/game/watch-dogs/legion/news-updates/71UsNL8BVflQJ9BiML0JX1/welcome-to-watch-dogs-legion-of-the-dead.html]
[www.ubisoft.com/en-gb/game/watch-dogs/legion/news-updates/c7md4RWFlO1EZYZBZOdRn/updates-to-our-roadmap-and-upcoming-content-drops.html]
[www.ubisoft.com/en-gb/game/watch-dogs/legion/news-updates/6BQEZNt10v1wMa1vmtf0H9/liberate-london-as-anyone-this-march-e3-2019.html]
[www.ubisoft.com/en-gb/game/watch-dogs/legion/news-updates/1aEpoeP3uCpvFz1lyNajLS/hack-fight-and-sneak-as-anyone-to-take-back-london-e3-2019.html]
[www.ubisoft.com/en-gb/game/watch-dogs/legion/news-updates/6pcnQY4B7IcymUHHXS7q1N/new-watch-dogs-legion-books-available-now.html]
[www.ubisoft.com/en-gb/game/watch-dogs/legion/news-updates/3zDJ3PzP1BDFpZVdTvxxUD/get-in-the-holiday-spirit-with-the-winter-holidays-gift-in-watch-dogs-legion.html]
[www.ubisoft.com/en-gb/game/watch-dogs/legion/news-updates/7ASEiQNoULvjBtMIeAnXqS/nonlethal-basics-in-watch-dogs-legion.html]
[www.ubisoft.com/en-gb/game/watch-dogs/legion/news-updates/5QrmouwUCErY7o8hmZxySn/creating-masks-for-watch-dogs-legion.html]
[www.ubisoft.com/en-gb/game/watch-dogs/legion/news-updates/c7md4RWFlO1EZYZBZOdRn/updates-to-our-roadmap-and-upcoming-content-drops.html]
[www.ubisoft.com/en-gb/game/watch-dogs/legion/news-updates/4dYNWsllnsZTzFD4UC3SUk/tea-time-with-bagley.html]
[www.ubisoft.com/en-gb/game/watch-dogs/legion/news-updates/1aEpoeP3uCpvFz1lyNajLS/hack-fight-and-sneak-as-anyone-to-take-back-london-e3-2019.html]
[www.ubisoft.com/en-gb/game/watch-dogs/legion/news-updates/NLxBrvE3tqs/watch-dogs-legion-e3-2019-gameplay-walkthrough.html]
[www.ubisoft.com/en-gb/game/watch-dogs/legion/news-updates/3zDJ3PzP1BDFpZVdTvxxUD/get-in-the-holiday-spirit-with-the-winter-holidays-gift-in-watch-dogs-legion.html]
[www.ubisoft.com/en-gb/game/watch-dogs/legion/news-updates/56mbpAZtl7O9cSWUR6avlV/state-of-the-game-2.html]
[www.ubisoft.com/en-gb/game/watch-dogs/legion/news-updates/7ASEiQNoULvjBtMIeAnXqS/nonlethal-basics-in-watch-dogs-legion.html]
[www.ubisoft.com/en-gb/game/watch-dogs/legion/news-updates/2xnrR6yEB3wQ2F442VRE0T/london-map-and-relic-walkthrough-for-watch-dogs-legion.html]
[www.ubisoft.com/en-gb/game/watch-dogs/legion/news-updates/4dYNWsllnsZTzFD4UC3SUk/tea-time-with-bagley.html]
[www.ubisoft.com/en-gb/game/watch-dogs/legion/news-updates/fYlS2oFxbqU/watch-dogs-legion-mina-sidhu-animated-trailer.html]
[www.ubisoft.com/en-gb/game/watch-dogs/legion/news-updates/NLxBrvE3tqs/watch-dogs-legion-e3-2019-gameplay-walkthrough.html]
[www.ubisoft.com/en-gb/game/watch-dogs/legion/news-updates/guDXGom07Ns/watch-dogs-legion-e3-2019-world-premiere-reveal-trailer.html]
[www.ubisoft.com/en-gb/game/watch-dogs/legion/news-updates/56mbpAZtl7O9cSWUR6avlV/state-of-the-game-2.html]
[www.ubisoft.com/en-gb/game/watch-dogs/legion/news-updates/4FIBrWSvfXefqHio5x6Upz/get-exclusive-ingame-loot-in-watch-dogs-legion-with-prime-gaming.html]
[www.ubisoft.com/en-gb/game/watch-dogs/legion/news-updates/2xnrR6yEB3wQ2F442VRE0T/london-map-and-relic-walkthrough-for-watch-dogs-legion.html]
[www.ubisoft.com/en-gb/game/watch-dogs/legion/news-updates/1tl4SsJF94Js0NdlH2Surv/essential-guide-to-gadgets-and-tech-in-watch-dogs-legion.html]
[www.ubisoft.com/en-gb/game/watch-dogs/legion/news-updates/fYlS2oFxbqU/watch-dogs-legion-mina-sidhu-animated-trailer.html]
[www.ubisoft.com/en-gb/game/watch-dogs/legion/news-updates/Yzm4YcaqKHE/watch-dogs-legion-update-1-trailer.html]
[www.ubisoft.com/en-gb/game/watch-dogs/legion/news-updates/guDXGom07Ns/watch-dogs-legion-e3-2019-world-premiere-reveal-trailer.html]
[www.ubisoft.com/en-gb/game/watch-dogs/legion/news-updates/PNQF_X1ZJ-M/watch-dogs-legion-the-resistant-of-london-figurine-reveal-trailer.html]
[www.ubisoft.com/en-gb/game/watch-dogs/legion/news-updates/4FIBrWSvfXefqHio5x6Upz/get-exclusive-ingame-loot-in-watch-dogs-legion-with-prime-gaming.html]
[www.ubisoft.com/en-gb/game/watch-dogs/legion/news-updates/0JP_EBPvdk4/watch-dogs-legion-online-mode-launch-trailer.html]
[www.ubisoft.com/en-gb/game/watch-dogs/legion/news-updates/1tl4SsJF94Js0NdlH2Surv/essential-guide-to-gadgets-and-tech-in-watch-dogs-legion.html]
[www.ubisoft.com/en-gb/game/watch-dogs/legion/news-updates/43JEteKuZUdoN5Nu0wAVV3/12-things-you-didnt-know-you-could-do-in-watch-dogs-legion.html]
[www.ubisoft.com/en-gb/game/watch-dogs/legion/news-updates/Yzm4YcaqKHE/watch-dogs-legion-update-1-trailer.html]
[www.ubisoft.com/en-gb/game/watch-dogs/legion/news-updates/F8aKGYHbyQY/watch-dogs-legion-free-trial-weekend-trailer.html]
[www.ubisoft.com/en-gb/game/watch-dogs/legion/news-updates/PNQF_X1ZJ-M/watch-dogs-legion-the-resistant-of-london-figurine-reveal-trailer.html]
[www.ubisoft.com/en-gb/game/watch-dogs/legion/news-updates/LOM1EE86-eY/watch-dogs-legion-gamescom-2019-play-as-anyone-explained.html]
[www.ubisoft.com/en-gb/game/watch-dogs/legion/news-updates/0JP_EBPvdk4/watch-dogs-legion-online-mode-launch-trailer.html]
[www.ubisoft.com/en-gb/game/watch-dogs/legion/news-updates/1VHqUt5zcoSIcIkVCoIWF5/watch-dogs-legion-free-trial-weekend.html]
[www.ubisoft.com/en-gb/game/watch-dogs/legion/news-updates/43JEteKuZUdoN5Nu0wAVV3/12-things-you-didnt-know-you-could-do-in-watch-dogs-legion.html]
[www.ubisoft.com/en-gb/game/watch-dogs/legion/news-updates/F8aKGYHbyQY/watch-dogs-legion-free-trial-weekend-trailer.html]
[www.ubisoft.com/en-gb/game/watch-dogs/legion/news-updates/7yvyLvSk8LcMOsg45ym4Kq/discover-the-living-world-of-watch-dogs-legion.html]
[www.ubisoft.com/en-gb/game/watch-dogs/legion/news-updates/LOM1EE86-eY/watch-dogs-legion-gamescom-2019-play-as-anyone-explained.html]
[www.ubisoft.com/en-gb/game/watch-dogs/legion/news-updates/1VHqUt5zcoSIcIkVCoIWF5/watch-dogs-legion-free-trial-weekend.html]
[www.ubisoft.com/en-gb/game/watch-dogs/legion/news-updates/4Ix4FJYTM0hVZ4JiAxe3Ls/official-statement-about-the-delay.html]
[www.ubisoft.com/en-gb/game/watch-dogs/legion/news-updates/7yvyLvSk8LcMOsg45ym4Kq/discover-the-living-world-of-watch-dogs-legion.html]
[www.ubisoft.com/en-gb/game/watch-dogs/legion/news-updates/3gdPhYo0ugQ/watch-dogs-legion-xbox-series-x-inside-look.html]
[www.ubisoft.com/en-gb/game/watch-dogs/legion/news-updates/4Ix4FJYTM0hVZ4JiAxe3Ls/official-statement-about-the-delay.html]
[www.ubisoft.com/en-gb/game/watch-dogs/legion/news-updates/OtJYtCgmLR0/watch-dogs-legion-gameplay-overview-trailer.html]
[www.ubisoft.com/en-gb/game/watch-dogs/legion/news-updates/3gdPhYo0ugQ/watch-dogs-legion-xbox-series-x-inside-look.html]
[www.ubisoft.com/en-gb/game/watch-dogs/legion/news-updates/6PQGr5ySgz9l2hnQWuDr8R/how-to-get-rich-in-watch-dogs-legion.html]
[www.ubisoft.com/en-gb/game/watch-dogs/legion/news-updates/OtJYtCgmLR0/watch-dogs-legion-gameplay-overview-trailer.html]
[www.ubisoft.com/en-gb/game/watch-dogs/legion/news-updates/8tNTf9jElzHDiIiio9vFo/welcome-to-the-resistance-ubisoft-forward-recap.html]
[www.ubisoft.com/en-gb/game/watch-dogs/legion/news-updates/6PQGr5ySgz9l2hnQWuDr8R/how-to-get-rich-in-watch-dogs-legion.html]
[www.ubisoft.com/en-gb/game/watch-dogs/legion/news-updates/6MAef7qLSyw/watch-dogs-legion-accolades-trailer.html]
[www.ubisoft.com/en-gb/game/watch-dogs/legion/news-updates/8tNTf9jElzHDiIiio9vFo/welcome-to-the-resistance-ubisoft-forward-recap.html]
[www.ubisoft.com/en-gb/game/watch-dogs/legion/news-updates/22sl3jBR2oBnY0e6ZO3cE1/cosplay-reference-street-artist.html]
[www.ubisoft.com/en-gb/game/watch-dogs/legion/news-updates/6MAef7qLSyw/watch-dogs-legion-accolades-trailer.html]
[www.ubisoft.com/en-gb/game/watch-dogs/legion/news-updates/1XoPuSr0fQnAzRF5mevgw2/5-essential-tips-for-playing-watch-dogs-legion.html]
[www.ubisoft.com/en-gb/game/watch-dogs/legion/news-updates/22sl3jBR2oBnY0e6ZO3cE1/cosplay-reference-street-artist.html]
[www.ubisoft.com/en-gb/game/watch-dogs/legion/news-updates/2JxOi8tu3RGKjIAYW3t8o8/cosplay-reference-sabine-brandt.html]
[www.ubisoft.com/en-gb/game/watch-dogs/legion/news-updates/1XoPuSr0fQnAzRF5mevgw2/5-essential-tips-for-playing-watch-dogs-legion.html]
[www.ubisoft.com/en-gb/game/watch-dogs/legion/news-updates/6b6W1Ddt8B717N8RDnQ8A7/what-kind-of-watch-dogs-legion-player-are-you.html]
[www.ubisoft.com/en-gb/game/watch-dogs/legion/news-updates/2JxOi8tu3RGKjIAYW3t8o8/cosplay-reference-sabine-brandt.html]
[www.ubisoft.com/en-gb/game/watch-dogs/legion/news-updates/OBCdtxS0BDk/watch-dogs-legion-tipping-point-makingof.html]
[www.ubisoft.com/en-gb/game/watch-dogs/legion/news-updates/6b6W1Ddt8B717N8RDnQ8A7/what-kind-of-watch-dogs-legion-player-are-you.html]
[www.ubisoft.com/en-gb/game/watch-dogs/legion/news-updates/30fdWwcvWlw3fBc3hKJXjy/everything-you-need-to-know-about-watch-dogs-legions-launch.html]
[www.ubisoft.com/en-gb/game/watch-dogs/legion/news-updates/OBCdtxS0BDk/watch-dogs-legion-tipping-point-makingof.html]
[www.ubisoft.com/en-gb/game/watch-dogs/legion/news-updates/cmQpHfQz3uo/watch-dogs-legion-resistance-trailer.html]
[www.ubisoft.com/en-gb/game/watch-dogs/legion/news-updates/30fdWwcvWlw3fBc3hKJXjy/everything-you-need-to-know-about-watch-dogs-legions-launch.html]
[www.ubisoft.com/en-gb/game/watch-dogs/legion/news-updates/wQDgLDDU8g0/watch-dogs-legion-reclaim-your-future-trailer.html]
[www.ubisoft.com/en-gb/game/watch-dogs/legion/news-updates/cmQpHfQz3uo/watch-dogs-legion-resistance-trailer.html]
[www.ubisoft.com/en-gb/game/watch-dogs/legion/news-updates/7oK4U9hN6iOHedoBWsMbkN/how-to-find-all-islington-hackney-relics-watch-dogs-legion-map-walkthrough.html]
[www.ubisoft.com/en-gb/game/watch-dogs/legion/news-updates/wQDgLDDU8g0/watch-dogs-legion-reclaim-your-future-trailer.html]
[www.ubisoft.com/en-gb/game/watch-dogs/legion/news-updates/4bGaLv6F08YwNTwRf5eOsl/season-pass-and-monetization-in-watch-dogs-legion.html]
[www.ubisoft.com/en-gb/game/watch-dogs/legion/news-updates/6GTHNSvck3L9JaOiwB8fBG/how-to-find-all-city-of-london-relics-watch-dogs-legion-map-walkthrough.html]
[www.ubisoft.com/en-gb/game/watch-dogs/legion/news-updates/2xnrR6yEB3wQ2F442VRE0T.html]
[www.ubisoft.com/en-gb/game/watch-dogs/legion/news-updates/3Ihj08YS7QoYblAv1NbpCp/how-to-find-all-camden-relics-watch-dogs-legion-map-walkthrough.html]
[www.ubisoft.com/en-gb/game/watch-dogs/legion/news-updates/1jbGTDa5ZzIjjiHAdIkCnE/how-to-find-all-city-of-westminster-relics-watch-dogs-legion-map-walkthrough.html]
[www.ubisoft.com/en-gb/game/watch-dogs/legion/news-updates/3X3QlEHxKObYCbwdtUB5ni/how-to-find-all-nine-elms-relics-watch-dogs-legion-map-walkthrough.html]
[www.ubisoft.com/en-gb/game/watch-dogs/legion/news-updates/6Sg8fnflUDrCBh7tIMwQTh/how-to-find-all-lambeth-and-river-thames-relics-watch-dogs-legion-map-walkthrough.html]
[www.ubisoft.com/en-gb/game/watch-dogs/legion/news-updates/1He9TQ98L4ddKcEupLf2cF/how-to-find-all-southwark-relics-watch-dogs-legion-map-walkthrough.html]
[www.ubisoft.com/en-gb/game/watch-dogs/legion/news-updates/7oK4U9hN6iOHedoBWsMbkN/how-to-find-all-islington-hackney-relics-watch-dogs-legion-map-walkthrough.html]
[www.ubisoft.com/en-gb/game/watch-dogs/legion/news-updates/2AX6xn5mj8UEoVI9U9Ywp2/how-to-find-all-tower-hamlets-relics-watch-dogs-legion-map-walkthrough.html]
[www.ubisoft.com/en-gb/game/watch-dogs/legion/news-updates/4bGaLv6F08YwNTwRf5eOsl/season-pass-and-monetization-in-watch-dogs-legion.html]
[www.ubisoft.com/en-gb/game/watch-dogs/legion/news-updates/6GTHNSvck3L9JaOiwB8fBG/how-to-find-all-city-of-london-relics-watch-dogs-legion-map-walkthrough.html]
[www.ubisoft.com/en-gb/game/watch-dogs/legion/news-updates/2xnrR6yEB3wQ2F442VRE0T.html]
[www.ubisoft.com/en-gb/game/watch-dogs/legion/news-updates/tYurwESl_Gc/watch-dogs-legion-story-trailer.html]
[www.ubisoft.com/en-gb/game/watch-dogs/legion/news-updates/3Ihj08YS7QoYblAv1NbpCp/how-to-find-all-camden-relics-watch-dogs-legion-map-walkthrough.html]
[www.ubisoft.com/en-gb/game/watch-dogs/legion/news-updates/1jbGTDa5ZzIjjiHAdIkCnE/how-to-find-all-city-of-westminster-relics-watch-dogs-legion-map-walkthrough.html]
[www.ubisoft.com/en-gb/game/watch-dogs/legion/news-updates/3X3QlEHxKObYCbwdtUB5ni/how-to-find-all-nine-elms-relics-watch-dogs-legion-map-walkthrough.html]
[www.ubisoft.com/en-gb/game/watch-dogs/legion/news-updates/6Sg8fnflUDrCBh7tIMwQTh/how-to-find-all-lambeth-and-river-thames-relics-watch-dogs-legion-map-walkthrough.html]
[www.ubisoft.com/en-gb/game/watch-dogs/legion/news-updates/1He9TQ98L4ddKcEupLf2cF/how-to-find-all-southwark-relics-watch-dogs-legion-map-walkthrough.html]
[www.ubisoft.com/en-gb/game/watch-dogs/legion/news-updates/2AX6xn5mj8UEoVI9U9Ywp2/how-to-find-all-tower-hamlets-relics-watch-dogs-legion-map-walkthrough.html]
[www.ubisoft.com/en-gb/game/watch-dogs/legion/news-updates/tYurwESl_Gc/watch-dogs-legion-story-trailer.html]
[www.ubisoft.com/en-gb/game/watch-dogs/legion/news-updates/BulVoFPX8HM/watch-dogs-legion-welcome-to-london-trailer-powered-by-nvidia-geforce-rtx.html]
[www.ubisoft.com/en-gb/game/watch-dogs/legion/news-updates/KfrCvD6ESlU/watch-dogs-legion-postlaunch-season-pass-content-trailer.html]
[www.ubisoft.com/en-gb/game/watch-dogs/legion/news-updates/BulVoFPX8HM/watch-dogs-legion-welcome-to-london-trailer-powered-by-nvidia-geforce-rtx.html]
[www.ubisoft.com/en-gb/game/watch-dogs/legion/news-updates/7ja4PzOYiJwPM4erQEqAsP/watch-dogs-legion-reddit-ama-with-creative-director-clint-hocking.html]
[www.ubisoft.com/en-gb/game/watch-dogs/legion/news-updates/KfrCvD6ESlU/watch-dogs-legion-postlaunch-season-pass-content-trailer.html]
[www.ubisoft.com/en-gb/game/watch-dogs/legion/news-updates/cGnsrSLWsyg/watch-dogs-legion-aiden-pearce-teaser.html]
[www.ubisoft.com/en-gb/game/watch-dogs/legion/news-updates/7ja4PzOYiJwPM4erQEqAsP/watch-dogs-legion-reddit-ama-with-creative-director-clint-hocking.html]
[www.ubisoft.com/en-gb/game/watch-dogs/legion/news-updates/NfmD_KdKcBg/watch-dogs-legion-x-stormzy-reveal.html]
[www.ubisoft.com/en-gb/game/watch-dogs/legion/news-updates/cGnsrSLWsyg/watch-dogs-legion-aiden-pearce-teaser.html]
[www.ubisoft.com/en-gb/game/watch-dogs/legion/news-updates/NfmD_KdKcBg/watch-dogs-legion-x-stormzy-reveal.html]
[www.ubisoft.com/en-gb/game/watch-dogs/legion/news-updates/_EgNHQs8WRU/watch-dogs-legion-recruitment-explained.html]
[www.ubisoft.com/en-gb/game/watch-dogs/legion/news-updates/_EgNHQs8WRU/watch-dogs-legion-recruitment-explained.html]
